<?xml version="1.0" encoding="UTF-8"?>
<testsuite xmlns:xsi="http://www.w3.org/2001/XMLSchema-instance" xsi:noNamespaceSchemaLocation="https://maven.apache.org/surefire/maven-surefire-plugin/xsd/surefire-test-report-3.0.xsd" version="3.0" name="apiTests.UserCreationTest" time="28.096" tests="5" errors="0" skipped="0" failures="0">
  <properties>
[...]
</properties>
  <testcase name="createUserWithoutRequiredFieldPassword" classname="apiTests.UserCreationTest" time="0.562">
    <system-out><![CDATA[Response Code: 403
{
    "success": false,
    "message": "Email, password and name are required fields"
}
Response body:
{
    "success": false,
    "message": "Email, password and name are required fields"
}
]]></system-out>
  </testcase>
  <testcase name="createExistingUser" classname="apiTests.UserCreationTest" time="3.153">
    <system-out><![CDATA[Пользователь успешно создан: user660578@yandex.ru
Response Code: 200
{
    "success": true,
    "user": {
        "email": "user660578@yandex.ru",
        "name": "User04525f"
    },
    "accessToken": "Bearer eyJhbGciOiJIUzI1NiIsInR5cCI6IkpXVCJ9.eyJpZCI6IjY3Mzg4ZDc3OWVkMjgwMDAxYjUxMGM0MyIsImlhdCI6MTczMTc1OTQ3OSwiZXhwIjoxNzMxNzYwNjc5fQ.NJQ2hUleijWMnA8n0t6vrqtdZZjsIFmbfPqEYJXszy8",
    "refreshToken": "a54a1940781c5918b9733a731755bb7fc511a38cc1bec1342e5c25349836dd51a63a7bc7f5220b86"
}
Response body:
{
    "success": true,
    "user": {
        "email": "user660578@yandex.ru",
        "name": "User04525f"
    },
    "accessToken": "Bearer eyJhbGciOiJIUzI1NiIsInR5cCI6IkpXVCJ9.eyJpZCI6IjY3Mzg4ZDc3OWVkMjgwMDAxYjUxMGM0MyIsImlhdCI6MTczMTc1OTQ3OSwiZXhwIjoxNzMxNzYwNjc5fQ.NJQ2hUleijWMnA8n0t6vrqtdZZjsIFmbfPqEYJXszy8",
    "refreshToken": "a54a1940781c5918b9733a731755bb7fc511a38cc1bec1342e5c25349836dd51a63a7bc7f5220b86"
}
Пользователь успешно создан: user660578@yandex.ru
Response Code: 403
{
    "success": false,
    "message": "User already exists"
}
Response body:
{
    "success": false,
    "message": "User already exists"
}
Delete Response Code: 202
{
    "success": true,
    "message": "User successfully removed"
}
Delete Response Body:
{
    "success": true,
    "message": "User successfully removed"
}
Пользователь успешно удален
]]></system-out>
  </testcase>
  <testcase name="createUserWithoutRequiredFieldName" classname="apiTests.UserCreationTest" time="0.703">
    <system-out><![CDATA[Response Code: 403
{
    "success": false,
    "message": "Email, password and name are required fields"
}
Response body:
{
    "success": false,
    "message": "Email, password and name are required fields"
}
]]></system-out>
  </testcase>
  <testcase name="creationUniqueUser" classname="apiTests.UserCreationTest" time="1.437">
    <system-out><![CDATA[Пользователь успешно создан: user95ab0c@yandex.ru
Response Code: 200
{
    "success": true,
    "user": {
        "email": "user95ab0c@yandex.ru",
        "name": "User112f30"
    },
    "accessToken": "Bearer eyJhbGciOiJIUzI1NiIsInR5cCI6IkpXVCJ9.eyJpZCI6IjY3Mzg4ZDdhOWVkMjgwMDAxYjUxMGM0NSIsImlhdCI6MTczMTc1OTQ4MiwiZXhwIjoxNzMxNzYwNjgyfQ.KBCY65EZZ-uT8lvS3UZD436Azs7EG19t9La5e4eSS5g",
    "refreshToken": "d6e7ef0769a8293f342c5ed50fd9445ea49e4ce5ea2af7c6b8eed7383b718f825939c1c59d8f9d13"
}
Response body:
{
    "success": true,
    "user": {
        "email": "user95ab0c@yandex.ru",
        "name": "User112f30"
    },
    "accessToken": "Bearer eyJhbGciOiJIUzI1NiIsInR5cCI6IkpXVCJ9.eyJpZCI6IjY3Mzg4ZDdhOWVkMjgwMDAxYjUxMGM0NSIsImlhdCI6MTczMTc1OTQ4MiwiZXhwIjoxNzMxNzYwNjgyfQ.KBCY65EZZ-uT8lvS3UZD436Azs7EG19t9La5e4eSS5g",
    "refreshToken": "d6e7ef0769a8293f342c5ed50fd9445ea49e4ce5ea2af7c6b8eed7383b718f825939c1c59d8f9d13"
}
Delete Response Code: 202
{
    "success": true,
    "message": "User successfully removed"
}
Delete Response Body:
{
    "success": true,
    "message": "User successfully removed"
}
Пользователь успешно удален
]]></system-out>
  </testcase>
  <testcase name="createUserWithoutRequiredFieldEmail" classname="apiTests.UserCreationTest" time="22.239">
    <system-out><![CDATA[Response Code: 403
{
    "success": false,
    "message": "Email, password and name are required fields"
}
Response body:
{
    "success": false,
    "message": "Email, password and name are required fields"
}
]]></system-out>
  </testcase>
</testsuite>