<?xml version="1.0" encoding="UTF-8"?>
<testsuite xmlns:xsi="http://www.w3.org/2001/XMLSchema-instance" xsi:noNamespaceSchemaLocation="https://maven.apache.org/surefire/maven-surefire-plugin/xsd/surefire-test-report-3.0.xsd" version="3.0" name="apiTests.UserDataUpdateTest" time="21.298" tests="8" errors="0" skipped="0" failures="0">
  <properties>
[...]
</properties>
  <testcase name="updateUserWithAuthorizationName" classname="apiTests.UserDataUpdateTest" time="4.041">
    <system-out><![CDATA[Пользователь успешно создан: userafa04c@yandex.ru
Response Code: 200
{
    "success": true,
    "user": {
        "email": "userafa04c@yandex.ru",
        "name": "User96f903"
    },
    "accessToken": "Bearer eyJhbGciOiJIUzI1NiIsInR5cCI6IkpXVCJ9.eyJpZCI6IjY3Mzg4ZDkzOWVkMjgwMDAxYjUxMGM0NyIsImlhdCI6MTczMTc1OTUwNywiZXhwIjoxNzMxNzYwNzA3fQ.tuqBUSOqGr28WvXkLWxEhlNcHLvnFCWO6ouQ8DYKFPQ",
    "refreshToken": "c57d3412bc3c37e6cfcf6231e2588c3d5f4a715f214ab9add02c470e227b69f3dd129101c4b4c4e5"
}
Response body:
{
    "success": true,
    "user": {
        "email": "userafa04c@yandex.ru",
        "name": "User96f903"
    },
    "accessToken": "Bearer eyJhbGciOiJIUzI1NiIsInR5cCI6IkpXVCJ9.eyJpZCI6IjY3Mzg4ZDkzOWVkMjgwMDAxYjUxMGM0NyIsImlhdCI6MTczMTc1OTUwNywiZXhwIjoxNzMxNzYwNzA3fQ.tuqBUSOqGr28WvXkLWxEhlNcHLvnFCWO6ouQ8DYKFPQ",
    "refreshToken": "c57d3412bc3c37e6cfcf6231e2588c3d5f4a715f214ab9add02c470e227b69f3dd129101c4b4c4e5"
}
Запрос на обновление name:
Токен авторизации: Bearer eyJhbGciOiJIUzI1NiIsInR5cCI6IkpXVCJ9.eyJpZCI6IjY3Mzg4ZDkzOWVkMjgwMDAxYjUxMGM0NyIsImlhdCI6MTczMTc1OTUwNywiZXhwIjoxNzMxNzYwNzA3fQ.tuqBUSOqGr28WvXkLWxEhlNcHLvnFCWO6ouQ8DYKFPQ
Тело запроса: {"email":"userafa04c@yandex.ru", "name":"Userc8c367", "password":"pass89778d"}
Ответ после обновления name:
{
    "success": true,
    "user": {
        "email": "userafa04c@yandex.ru",
        "name": "Userc8c367"
    }
}
{
    "success": true,
    "user": {
        "email": "userafa04c@yandex.ru",
        "name": "Userc8c367"
    }
}
Delete Response Code: 202
{
    "success": true,
    "message": "User successfully removed"
}
Delete Response Body:
{
    "success": true,
    "message": "User successfully removed"
}
Пользователь успешно удален
]]></system-out>
  </testcase>
  <testcase name="updateUserWithAuthorizationAllFields" classname="apiTests.UserDataUpdateTest" time="3.804">
    <system-out><![CDATA[Пользователь успешно создан: user7eb213@yandex.ru
Response Code: 200
{
    "success": true,
    "user": {
        "email": "user7eb213@yandex.ru",
        "name": "Userca0b46"
    },
    "accessToken": "Bearer eyJhbGciOiJIUzI1NiIsInR5cCI6IkpXVCJ9.eyJpZCI6IjY3Mzg4ZDk3OWVkMjgwMDAxYjUxMGM0OSIsImlhdCI6MTczMTc1OTUxMSwiZXhwIjoxNzMxNzYwNzExfQ.YJh3kYFg7l3B2lDvPjql1leYbZ3rNT0ZCKtFMS_ykxk",
    "refreshToken": "337e10c013df1b7bcf1aaeec3b499be55502de11122b61048538281d1ac6fa15fc57b7e9335c9a2e"
}
Response body:
{
    "success": true,
    "user": {
        "email": "user7eb213@yandex.ru",
        "name": "Userca0b46"
    },
    "accessToken": "Bearer eyJhbGciOiJIUzI1NiIsInR5cCI6IkpXVCJ9.eyJpZCI6IjY3Mzg4ZDk3OWVkMjgwMDAxYjUxMGM0OSIsImlhdCI6MTczMTc1OTUxMSwiZXhwIjoxNzMxNzYwNzExfQ.YJh3kYFg7l3B2lDvPjql1leYbZ3rNT0ZCKtFMS_ykxk",
    "refreshToken": "337e10c013df1b7bcf1aaeec3b499be55502de11122b61048538281d1ac6fa15fc57b7e9335c9a2e"
}
Запрос на обновление всех полей:
Токен авторизации: Bearer eyJhbGciOiJIUzI1NiIsInR5cCI6IkpXVCJ9.eyJpZCI6IjY3Mzg4ZDk3OWVkMjgwMDAxYjUxMGM0OSIsImlhdCI6MTczMTc1OTUxMSwiZXhwIjoxNzMxNzYwNzExfQ.YJh3kYFg7l3B2lDvPjql1leYbZ3rNT0ZCKtFMS_ykxk
Тело запроса: {"email":"useraac703@yandex.ru", "name":"Userc4f5d0", "password":"passe93149"}
Ответ после обновления всех полей:
{
    "success": true,
    "user": {
        "email": "useraac703@yandex.ru",
        "name": "Userc4f5d0"
    }
}
{
    "success": true,
    "user": {
        "email": "useraac703@yandex.ru",
        "name": "Userc4f5d0"
    }
}
Delete Response Code: 202
{
    "success": true,
    "message": "User successfully removed"
}
Delete Response Body:
{
    "success": true,
    "message": "User successfully removed"
}
Пользователь успешно удален
]]></system-out>
  </testcase>
  <testcase name="updateUserWithAuthorizationEmail" classname="apiTests.UserDataUpdateTest" time="2.029">
    <system-out><![CDATA[Пользователь успешно создан: user27834c@yandex.ru
Response Code: 200
{
    "success": true,
    "user": {
        "email": "user27834c@yandex.ru",
        "name": "User9ebebf"
    },
    "accessToken": "Bearer eyJhbGciOiJIUzI1NiIsInR5cCI6IkpXVCJ9.eyJpZCI6IjY3Mzg4ZDlhOWVkMjgwMDAxYjUxMGM0YiIsImlhdCI6MTczMTc1OTUxNCwiZXhwIjoxNzMxNzYwNzE0fQ.Ma3XS9VL24YSOVCW7ZdXUlf_0PI_0dSPwxWJYFfomuE",
    "refreshToken": "7fe43d6139e098dd3db837f142ca489cee187b27474b8826d3fd8a7e3710912d43b217c4920d868a"
}
Response body:
{
    "success": true,
    "user": {
        "email": "user27834c@yandex.ru",
        "name": "User9ebebf"
    },
    "accessToken": "Bearer eyJhbGciOiJIUzI1NiIsInR5cCI6IkpXVCJ9.eyJpZCI6IjY3Mzg4ZDlhOWVkMjgwMDAxYjUxMGM0YiIsImlhdCI6MTczMTc1OTUxNCwiZXhwIjoxNzMxNzYwNzE0fQ.Ma3XS9VL24YSOVCW7ZdXUlf_0PI_0dSPwxWJYFfomuE",
    "refreshToken": "7fe43d6139e098dd3db837f142ca489cee187b27474b8826d3fd8a7e3710912d43b217c4920d868a"
}
Запрос на обновление email:
Токен авторизации: Bearer eyJhbGciOiJIUzI1NiIsInR5cCI6IkpXVCJ9.eyJpZCI6IjY3Mzg4ZDlhOWVkMjgwMDAxYjUxMGM0YiIsImlhdCI6MTczMTc1OTUxNCwiZXhwIjoxNzMxNzYwNzE0fQ.Ma3XS9VL24YSOVCW7ZdXUlf_0PI_0dSPwxWJYFfomuE
Тело запроса: {"email":"userdea29a@yandex.ru", "name":"User9ebebf", "password":"passcd9323"}
Ответ после обновления email:
{
    "success": true,
    "user": {
        "email": "userdea29a@yandex.ru",
        "name": "User9ebebf"
    }
}
{
    "success": true,
    "user": {
        "email": "userdea29a@yandex.ru",
        "name": "User9ebebf"
    }
}
Delete Response Code: 202
{
    "success": true,
    "message": "User successfully removed"
}
Delete Response Body:
{
    "success": true,
    "message": "User successfully removed"
}
Пользователь успешно удален
]]></system-out>
  </testcase>
  <testcase name="updateUserWithoutAuthorizationName" classname="apiTests.UserDataUpdateTest" time="2.521">
    <system-out><![CDATA[Пользователь успешно создан: userc7b191@yandex.ru
Response Code: 200
{
    "success": true,
    "user": {
        "email": "userc7b191@yandex.ru",
        "name": "Userb1b94c"
    },
    "accessToken": "Bearer eyJhbGciOiJIUzI1NiIsInR5cCI6IkpXVCJ9.eyJpZCI6IjY3Mzg4ZDljOWVkMjgwMDAxYjUxMGM0ZCIsImlhdCI6MTczMTc1OTUxNiwiZXhwIjoxNzMxNzYwNzE2fQ.5AF_wt3UKWmj91YlgIOjSyPQZ9uB7QutULUG7i5oPd0",
    "refreshToken": "1172ed3cd6fc696e65e9ca862c5738beb5df4d52c5d6e371ba8bce4693b8d4701bc0bb71fa66a564"
}
Response body:
{
    "success": true,
    "user": {
        "email": "userc7b191@yandex.ru",
        "name": "Userb1b94c"
    },
    "accessToken": "Bearer eyJhbGciOiJIUzI1NiIsInR5cCI6IkpXVCJ9.eyJpZCI6IjY3Mzg4ZDljOWVkMjgwMDAxYjUxMGM0ZCIsImlhdCI6MTczMTc1OTUxNiwiZXhwIjoxNzMxNzYwNzE2fQ.5AF_wt3UKWmj91YlgIOjSyPQZ9uB7QutULUG7i5oPd0",
    "refreshToken": "1172ed3cd6fc696e65e9ca862c5738beb5df4d52c5d6e371ba8bce4693b8d4701bc0bb71fa66a564"
}
Запрос на обновление name без авторизации:
Тело запроса: {"email":"userc7b191@yandex.ru", "name":"User73c97f", "password":"passd01b5e"}
Ответ после обновления email:
{
    "success": false,
    "message": "You should be authorised"
}
{
    "success": false,
    "message": "You should be authorised"
}
Delete Response Code: 202
{
    "success": true,
    "message": "User successfully removed"
}
Delete Response Body:
{
    "success": true,
    "message": "User successfully removed"
}
Пользователь успешно удален
]]></system-out>
  </testcase>
  <testcase name="updateUserWithoutAuthorizationPassword" classname="apiTests.UserDataUpdateTest" time="2.028">
    <system-out><![CDATA[Пользователь успешно создан: user53666d@yandex.ru
Response Code: 200
{
    "success": true,
    "user": {
        "email": "user53666d@yandex.ru",
        "name": "User287b34"
    },
    "accessToken": "Bearer eyJhbGciOiJIUzI1NiIsInR5cCI6IkpXVCJ9.eyJpZCI6IjY3Mzg4ZDllOWVkMjgwMDAxYjUxMGM0ZiIsImlhdCI6MTczMTc1OTUxOCwiZXhwIjoxNzMxNzYwNzE4fQ.GGeBcjKuIhLE2yW703OJdawT0GAXVF47Z7pfQo9xFTk",
    "refreshToken": "24e5f9e65170d1b0ed091d4271f00ddb26bee54fbd77049b64f75d2f548dc81ee57cffd53dab3a9b"
}
Response body:
{
    "success": true,
    "user": {
        "email": "user53666d@yandex.ru",
        "name": "User287b34"
    },
    "accessToken": "Bearer eyJhbGciOiJIUzI1NiIsInR5cCI6IkpXVCJ9.eyJpZCI6IjY3Mzg4ZDllOWVkMjgwMDAxYjUxMGM0ZiIsImlhdCI6MTczMTc1OTUxOCwiZXhwIjoxNzMxNzYwNzE4fQ.GGeBcjKuIhLE2yW703OJdawT0GAXVF47Z7pfQo9xFTk",
    "refreshToken": "24e5f9e65170d1b0ed091d4271f00ddb26bee54fbd77049b64f75d2f548dc81ee57cffd53dab3a9b"
}
Запрос на обновление password без авторизации:
Тело запроса: {"email":"user53666d@yandex.ru", "name":"User287b34", "password":"pass452f68"}
Ответ после обновления email:
{
    "success": false,
    "message": "You should be authorised"
}
{
    "success": false,
    "message": "You should be authorised"
}
Delete Response Code: 202
{
    "success": true,
    "message": "User successfully removed"
}
Delete Response Body:
{
    "success": true,
    "message": "User successfully removed"
}
Пользователь успешно удален
]]></system-out>
  </testcase>
  <testcase name="updateUserWithAuthorizationPassword" classname="apiTests.UserDataUpdateTest" time="2.749">
    <system-out><![CDATA[Пользователь успешно создан: user514c92@yandex.ru
Response Code: 200
{
    "success": true,
    "user": {
        "email": "user514c92@yandex.ru",
        "name": "Usere5e49b"
    },
    "accessToken": "Bearer eyJhbGciOiJIUzI1NiIsInR5cCI6IkpXVCJ9.eyJpZCI6IjY3Mzg4ZGEwOWVkMjgwMDAxYjUxMGM1MSIsImlhdCI6MTczMTc1OTUyMCwiZXhwIjoxNzMxNzYwNzIwfQ.SGlyzYHqRwnN7CkvH1LT9HVJzEGMdWL_jw9YgV64lWE",
    "refreshToken": "6107c23816b09980d9490e2432b02f6fc7ede8df52e0b56ea8aba00593e71c8afb1535235f9b71c3"
}
Response body:
{
    "success": true,
    "user": {
        "email": "user514c92@yandex.ru",
        "name": "Usere5e49b"
    },
    "accessToken": "Bearer eyJhbGciOiJIUzI1NiIsInR5cCI6IkpXVCJ9.eyJpZCI6IjY3Mzg4ZGEwOWVkMjgwMDAxYjUxMGM1MSIsImlhdCI6MTczMTc1OTUyMCwiZXhwIjoxNzMxNzYwNzIwfQ.SGlyzYHqRwnN7CkvH1LT9HVJzEGMdWL_jw9YgV64lWE",
    "refreshToken": "6107c23816b09980d9490e2432b02f6fc7ede8df52e0b56ea8aba00593e71c8afb1535235f9b71c3"
}
Запрос на обновление password:
Токен авторизации: Bearer eyJhbGciOiJIUzI1NiIsInR5cCI6IkpXVCJ9.eyJpZCI6IjY3Mzg4ZGEwOWVkMjgwMDAxYjUxMGM1MSIsImlhdCI6MTczMTc1OTUyMCwiZXhwIjoxNzMxNzYwNzIwfQ.SGlyzYHqRwnN7CkvH1LT9HVJzEGMdWL_jw9YgV64lWE
Тело запроса: {"email":"user514c92@yandex.ru", "name":"Usere5e49b", "password":"passd455ac"}
Ответ после обновления password:
{
    "success": true,
    "user": {
        "email": "user514c92@yandex.ru",
        "name": "Usere5e49b"
    }
}
{
    "success": true,
    "user": {
        "email": "user514c92@yandex.ru",
        "name": "Usere5e49b"
    }
}
Delete Response Code: 202
{
    "success": true,
    "message": "User successfully removed"
}
Delete Response Body:
{
    "success": true,
    "message": "User successfully removed"
}
Пользователь успешно удален
]]></system-out>
  </testcase>
  <testcase name="updateUserWithoutAuthorizationAllData" classname="apiTests.UserDataUpdateTest" time="2.091">
    <system-out><![CDATA[Пользователь успешно создан: user69c8e2@yandex.ru
Response Code: 200
{
    "success": true,
    "user": {
        "email": "user69c8e2@yandex.ru",
        "name": "User0b4824"
    },
    "accessToken": "Bearer eyJhbGciOiJIUzI1NiIsInR5cCI6IkpXVCJ9.eyJpZCI6IjY3Mzg4ZGEzOWVkMjgwMDAxYjUxMGM1MyIsImlhdCI6MTczMTc1OTUyMywiZXhwIjoxNzMxNzYwNzIzfQ.FjLafo4jJkpTnxP-Mu8mDbJFC0oEnpzz4HqRvZCDiso",
    "refreshToken": "723d681d3a6316ce87a08d59a46f09d57bec734084dfb4e069bdf42ffc46e713934f74a67b60e492"
}
Response body:
{
    "success": true,
    "user": {
        "email": "user69c8e2@yandex.ru",
        "name": "User0b4824"
    },
    "accessToken": "Bearer eyJhbGciOiJIUzI1NiIsInR5cCI6IkpXVCJ9.eyJpZCI6IjY3Mzg4ZGEzOWVkMjgwMDAxYjUxMGM1MyIsImlhdCI6MTczMTc1OTUyMywiZXhwIjoxNzMxNzYwNzIzfQ.FjLafo4jJkpTnxP-Mu8mDbJFC0oEnpzz4HqRvZCDiso",
    "refreshToken": "723d681d3a6316ce87a08d59a46f09d57bec734084dfb4e069bdf42ffc46e713934f74a67b60e492"
}
Запрос на обновление всех данных без авторизации:
Тело запроса: {"email":"userb749e2@yandex.ru", "name":"Userb34e36", "password":"pass17054a"}
Ответ после обновления email:
{
    "success": false,
    "message": "You should be authorised"
}
{
    "success": false,
    "message": "You should be authorised"
}
Delete Response Code: 202
{
    "success": true,
    "message": "User successfully removed"
}
Delete Response Body:
{
    "success": true,
    "message": "User successfully removed"
}
Пользователь успешно удален
]]></system-out>
  </testcase>
  <testcase name="updateUserWithoutAuthorizationEmail" classname="apiTests.UserDataUpdateTest" time="2.028">
    <system-out><![CDATA[Пользователь успешно создан: user29f8dc@yandex.ru
Response Code: 200
{
    "success": true,
    "user": {
        "email": "user29f8dc@yandex.ru",
        "name": "User21f44e"
    },
    "accessToken": "Bearer eyJhbGciOiJIUzI1NiIsInR5cCI6IkpXVCJ9.eyJpZCI6IjY3Mzg4ZGE1OWVkMjgwMDAxYjUxMGM1NSIsImlhdCI6MTczMTc1OTUyNSwiZXhwIjoxNzMxNzYwNzI1fQ.9RDeKrPfk36zcR_XESCyCLiSauClebV8D78S2S7Sguk",
    "refreshToken": "5eece27a39ffeeceb12a8da1298a4d7b41a21834913e2f4e152486dc4fc94e8abf45301cb3e42e3b"
}
Response body:
{
    "success": true,
    "user": {
        "email": "user29f8dc@yandex.ru",
        "name": "User21f44e"
    },
    "accessToken": "Bearer eyJhbGciOiJIUzI1NiIsInR5cCI6IkpXVCJ9.eyJpZCI6IjY3Mzg4ZGE1OWVkMjgwMDAxYjUxMGM1NSIsImlhdCI6MTczMTc1OTUyNSwiZXhwIjoxNzMxNzYwNzI1fQ.9RDeKrPfk36zcR_XESCyCLiSauClebV8D78S2S7Sguk",
    "refreshToken": "5eece27a39ffeeceb12a8da1298a4d7b41a21834913e2f4e152486dc4fc94e8abf45301cb3e42e3b"
}
Запрос на обновление email без авторизации:
Тело запроса: {"email":"userdb5954@yandex.ru", "name":"User21f44e", "password":"pass083dbb"}
Ответ после обновления email:
{
    "success": false,
    "message": "You should be authorised"
}
{
    "success": false,
    "message": "You should be authorised"
}
Delete Response Code: 202
{
    "success": true,
    "message": "User successfully removed"
}
Delete Response Body:
{
    "success": true,
    "message": "User successfully removed"
}
Пользователь успешно удален
]]></system-out>
  </testcase>
</testsuite>