<?xml version="1.0" encoding="UTF-8"?>
<testsuite xmlns:xsi="http://www.w3.org/2001/XMLSchema-instance" xsi:noNamespaceSchemaLocation="https://maven.apache.org/surefire/maven-surefire-plugin/xsd/surefire-test-report-3.0.xsd" version="3.0" name="apiTests.UserCreationTest" time="7.388" tests="5" errors="0" skipped="0" failures="0">
  <properties>
[...]
</properties>
  <testcase name="createUserWithoutRequiredFieldPassword" classname="apiTests.UserCreationTest" time="1.273">
    <system-out><![CDATA[Response Code: 403
{
    "success": false,
    "message": "Email, password and name are required fields"
}
Response body:
{
    "success": false,
    "message": "Email, password and name are required fields"
}
]]></system-out>
  </testcase>
  <testcase name="createExistingUser" classname="apiTests.UserCreationTest" time="2.043">
    <system-out><![CDATA[Пользователь успешно создан: user8d7700@yandex.ru
Response Code: 200
{
    "success": true,
    "user": {
        "email": "user8d7700@yandex.ru",
        "name": "User6222de"
    },
    "accessToken": "Bearer eyJhbGciOiJIUzI1NiIsInR5cCI6IkpXVCJ9.eyJpZCI6IjY3M2M2MzE5OWVkMjgwMDAxYjUxMzFhOSIsImlhdCI6MTczMjAxMDc3NywiZXhwIjoxNzMyMDExOTc3fQ.uLF2WoWhe2nCdaB1Memc5Q9TCt0-mOA8E5AGF7ElXsc",
    "refreshToken": "077ae47bb2567222c0be8dd0d383450221c6cc0b6ce0dff7729cd669097e29cf1b35c3f540e80ef1"
}
Response body:
{
    "success": true,
    "user": {
        "email": "user8d7700@yandex.ru",
        "name": "User6222de"
    },
    "accessToken": "Bearer eyJhbGciOiJIUzI1NiIsInR5cCI6IkpXVCJ9.eyJpZCI6IjY3M2M2MzE5OWVkMjgwMDAxYjUxMzFhOSIsImlhdCI6MTczMjAxMDc3NywiZXhwIjoxNzMyMDExOTc3fQ.uLF2WoWhe2nCdaB1Memc5Q9TCt0-mOA8E5AGF7ElXsc",
    "refreshToken": "077ae47bb2567222c0be8dd0d383450221c6cc0b6ce0dff7729cd669097e29cf1b35c3f540e80ef1"
}
Пользователь успешно создан: user8d7700@yandex.ru
Response Code: 403
{
    "success": false,
    "message": "User already exists"
}
Response body:
{
    "success": false,
    "message": "User already exists"
}
Delete Response Code: 202
{
    "success": true,
    "message": "User successfully removed"
}
Delete Response Body:
{
    "success": true,
    "message": "User successfully removed"
}
Пользователь успешно удален
]]></system-out>
  </testcase>
  <testcase name="createUserWithoutRequiredFieldName" classname="apiTests.UserCreationTest" time="0.671">
    <system-out><![CDATA[Response Code: 403
{
    "success": false,
    "message": "Email, password and name are required fields"
}
Response body:
{
    "success": false,
    "message": "Email, password and name are required fields"
}
]]></system-out>
  </testcase>
  <testcase name="creationUniqueUser" classname="apiTests.UserCreationTest" time="2.314">
    <system-out><![CDATA[Пользователь успешно создан: user3210bc@yandex.ru
Response Code: 200
{
    "success": true,
    "user": {
        "email": "user3210bc@yandex.ru",
        "name": "User5a6159"
    },
    "accessToken": "Bearer eyJhbGciOiJIUzI1NiIsInR5cCI6IkpXVCJ9.eyJpZCI6IjY3M2M2MzFkOWVkMjgwMDAxYjUxMzFhYiIsImlhdCI6MTczMjAxMDc4MSwiZXhwIjoxNzMyMDExOTgxfQ.C6SUoBNBvewBK0_OSsKB-B_3op8ekv4sdBBvpj_SNAE",
    "refreshToken": "bded7173949cfe01aa67a417a484b878f784e8396b804010c1b945aa2f0b8b81cfeb8d7fb9b44007"
}
Response body:
{
    "success": true,
    "user": {
        "email": "user3210bc@yandex.ru",
        "name": "User5a6159"
    },
    "accessToken": "Bearer eyJhbGciOiJIUzI1NiIsInR5cCI6IkpXVCJ9.eyJpZCI6IjY3M2M2MzFkOWVkMjgwMDAxYjUxMzFhYiIsImlhdCI6MTczMjAxMDc4MSwiZXhwIjoxNzMyMDExOTgxfQ.C6SUoBNBvewBK0_OSsKB-B_3op8ekv4sdBBvpj_SNAE",
    "refreshToken": "bded7173949cfe01aa67a417a484b878f784e8396b804010c1b945aa2f0b8b81cfeb8d7fb9b44007"
}
Delete Response Code: 202
{
    "success": true,
    "message": "User successfully removed"
}
Delete Response Body:
{
    "success": true,
    "message": "User successfully removed"
}
Пользователь успешно удален
]]></system-out>
  </testcase>
  <testcase name="createUserWithoutRequiredFieldEmail" classname="apiTests.UserCreationTest" time="1.083">
    <system-out><![CDATA[Response Code: 403
{
    "success": false,
    "message": "Email, password and name are required fields"
}
Response body:
{
    "success": false,
    "message": "Email, password and name are required fields"
}
]]></system-out>
  </testcase>
</testsuite>