<?xml version="1.0" encoding="UTF-8"?>
<testsuite xmlns:xsi="http://www.w3.org/2001/XMLSchema-instance" xsi:noNamespaceSchemaLocation="https://maven.apache.org/surefire/maven-surefire-plugin/xsd/surefire-test-report-3.0.xsd" version="3.0" name="apiTests.UserOrdersTest" time="6.918" tests="2" errors="0" skipped="0" failures="0">
  <properties>
[...]
</properties>
  <testcase name="getUserOrdersWithAuthorization" classname="apiTests.UserOrdersTest" time="6.526">
    <system-out><![CDATA[Пользователь успешно создан: user8586f1@yandex.ru
Логин с данными - email: user8586f1@yandex.ru, password: passc6d9a6, name: User2d965a
Пользователь успешно вошел в систему
Проверка успешного создания заказа...
HTTP/1.1 200 OK
Date: Sat, 16 Nov 2024 12:18:55 GMT
Content-Type: application/json; charset=utf-8
Transfer-Encoding: chunked
Connection: keep-alive
X-Powered-By: Express
Access-Control-Allow-Origin: *
ETag: W/"4eb-RuNRh3piDHKEtOr+U02FY6Q7IVI"
cf-cache-status: DYNAMIC
Report-To: {"endpoints":[{"url":"https:\/\/a.nel.cloudflare.com\/report\/v4?s=QbmXRGolkwXuaptRC4R%2BDY5%2F%2BZtGUDFvmou%2Fa6x14dvRPy9UB%2BxCO7z%2BcVaf6ITwhJKi2sZcmIdj8KGuQdK3CNt0aM%2Bv2bxdklDryxmyVhLDnyhNFZ0fjbtgO9QyCxnTrlQ0qRMJ0yVniKz4vRRvViWeVko%3D"}],"group":"cf-nel","max_age":604800}
NEL: {"success_fraction":0,"report_to":"cf-nel","max_age":604800}
Server: cloudflare
CF-RAY: 8e376d216daa8d63-HEL
Content-Encoding: gzip
alt-svc: h3=":443"; ma=86400
server-timing: cfL4;desc="?proto=TCP&rtt=65731&sent=8&recv=7&lost=0&retrans=0&sent_bytes=3302&recv_bytes=1131&delivery_rate=62934&cwnd=253&unsent_bytes=0&cid=d6091c01bd0cc83c&ts=1887&x=0"

{
    "success": true,
    "name": "Фалленианский флюоресцентный бургер",
    "order": {
        "ingredients": [
            {
                "_id": "61c0c5a71d1f82001bdaaa6d",
                "name": "Флюоресцентная булка R2-D3",
                "type": "bun",
                "proteins": 44,
                "fat": 26,
                "carbohydrates": 85,
                "calories": 643,
                "price": 988,
                "image": "https://code.s3.yandex.net/react/code/bun-01.png",
                "image_mobile": "https://code.s3.yandex.net/react/code/bun-01-mobile.png",
                "image_large": "https://code.s3.yandex.net/react/code/bun-01-large.png",
                "__v": 0
            },
            {
                "_id": "61c0c5a71d1f82001bdaaa77",
                "name": "Плоды Фалленианского дерева",
                "type": "main",
                "proteins": 20,
                "fat": 5,
                "carbohydrates": 55,
                "calories": 77,
                "price": 874,
                "image": "https://code.s3.yandex.net/react/code/sp_1.png",
                "image_mobile": "https://code.s3.yandex.net/react/code/sp_1-mobile.png",
                "image_large": "https://code.s3.yandex.net/react/code/sp_1-large.png",
                "__v": 0
            }
        ],
        "_id": "67388dae9ed280001b510c5f",
        "owner": {
            "name": "User2d965a",
            "email": "user8586f1@yandex.ru",
            "createdAt": "2024-11-16T12:18:53.237Z",
            "updatedAt": "2024-11-16T12:18:53.237Z"
        },
        "status": "done",
        "name": "Фалленианский флюоресцентный бургер",
        "createdAt": "2024-11-16T12:18:54.324Z",
        "updatedAt": "2024-11-16T12:18:55.345Z",
        "number": 151562,
        "price": 1862
    }
}
Проверка ответа успешного создания заказа...
Создание заказа проверено успешно
Выполняется метод для получения списка заказов авторизованного пользователя...
Request method:	GET
Request URI:	https://stellarburgers.nomoreparties.site/api/orders
Proxy:			<none>
Request params:	<none>
Query params:	<none>
Form params:	<none>
Path params:	<none>
Headers:		Authorization=Bearer eyJhbGciOiJIUzI1NiIsInR5cCI6IkpXVCJ9.eyJpZCI6IjY3Mzg4ZGFkOWVkMjgwMDAxYjUxMGM1YyIsImlhdCI6MTczMTc1OTUzMywiZXhwIjoxNzMxNzYwNzMzfQ.WmfZzzkGAKMdXbbA84qOdNbOeMX7d3SBuvgg40yuVd8
				Accept=*/*
Cookies:		<none>
Multiparts:		<none>
Body:			<none>
HTTP/1.1 200 OK
Date: Sat, 16 Nov 2024 12:18:56 GMT
Content-Type: application/json; charset=utf-8
Transfer-Encoding: chunked
Connection: keep-alive
X-Powered-By: Express
Access-Control-Allow-Origin: *
ETag: W/"15f-4w3FryahvKSnNQsIXoPWNboszeI"
cf-cache-status: DYNAMIC
Report-To: {"endpoints":[{"url":"https:\/\/a.nel.cloudflare.com\/report\/v4?s=4PgghUYEZwf0pO27hL2Z5L2AvVjJ6ULQRqdPZOJ099iOpyM7l%2F%2FVYAmZdVF2qt%2BDtrWJC31zwjiUIv183hLK9h4XKx3%2B6Jtq1vfO8LYk9miOCQnVuLm4FJ6PNdjvx9vvCgrRNDmErrm2pMnDWiKsD6XpzbI%3D"}],"group":"cf-nel","max_age":604800}
NEL: {"success_fraction":0,"report_to":"cf-nel","max_age":604800}
Server: cloudflare
CF-RAY: 8e376d2ef9546f90-CDG
Content-Encoding: gzip
alt-svc: h3=":443"; ma=86400
server-timing: cfL4;desc="?proto=TCP&rtt=93708&sent=8&recv=7&lost=0&retrans=0&sent_bytes=3302&recv_bytes=1001&delivery_rate=43876&cwnd=253&unsent_bytes=0&cid=4238658fadc37a74&ts=606&x=0"

{
    "success": true,
    "orders": [
        {
            "_id": "67388dae9ed280001b510c5f",
            "ingredients": [
                "61c0c5a71d1f82001bdaaa6d",
                "61c0c5a71d1f82001bdaaa77"
            ],
            "status": "done",
            "name": "Фалленианский флюоресцентный бургер",
            "createdAt": "2024-11-16T12:18:54.324Z",
            "updatedAt": "2024-11-16T12:18:55.345Z",
            "number": 151562
        }
    ],
    "total": 151562,
    "totalToday": 64
}
Метод получения списка заказов пользователя отработал
Проверка успешного получения списка заказов....
Список заказов проверен успешно
Delete Response Code: 202
{
    "success": true,
    "message": "User successfully removed"
}
Delete Response Body:
{
    "success": true,
    "message": "User successfully removed"
}
Пользователь успешно удален
]]></system-out>
  </testcase>
  <testcase name="createOrderAndGetUserOrdersWithoutAuthorization" classname="apiTests.UserOrdersTest" time="0.384">
    <system-out><![CDATA[Выполняется метод проверки ошибки для получения списка заказов без авторизации...
Request method:	GET
Request URI:	https://stellarburgers.nomoreparties.site/api/orders
Proxy:			<none>
Request params:	<none>
Query params:	<none>
Form params:	<none>
Path params:	<none>
Headers:		Accept=*/*
Cookies:		<none>
Multiparts:		<none>
Body:			<none>
HTTP/1.1 401 Unauthorized
Date: Sat, 16 Nov 2024 12:18:59 GMT
Content-Type: application/json; charset=utf-8
Content-Length: 54
Connection: keep-alive
X-Powered-By: Express
Access-Control-Allow-Origin: *
ETag: W/"36-9ndkQYJpZ8s0sMN790Nuh0MLq/U"
cf-cache-status: DYNAMIC
Report-To: {"endpoints":[{"url":"https:\/\/a.nel.cloudflare.com\/report\/v4?s=3VoGU4Jq8gN4sDlhePK8PJYU8pBgc4i3wXYh1SWajmZx8%2FtWF5V6Kem72hEuG%2F0BdvCS7v6DvGszoNpiC32jeFkw1rOdg3vZiAofDSKGmGfivn%2Fy%2F9qEUkTMryhwOrlSyuZerfHnt%2BjEb7icmc1Vz5UxOUU%3D"}],"group":"cf-nel","max_age":604800}
NEL: {"success_fraction":0,"report_to":"cf-nel","max_age":604800}
Server: cloudflare
CF-RAY: 8e376d430af39d94-DME
alt-svc: h3=":443"; ma=86400
server-timing: cfL4;desc="?proto=TCP&rtt=46841&sent=8&recv=7&lost=0&retrans=0&sent_bytes=3301&recv_bytes=806&delivery_rate=89960&cwnd=253&unsent_bytes=0&cid=8ed2e1833a140cff&ts=234&x=0"

{
    "success": false,
    "message": "You should be authorised"
}
Метод проверки ошибки для получения списка заказов без авторизации отработал
Проверка ответа об ошибке получения списка заказов без авторизации....
Проверка ответа об ошибке получения списка заказов без авторизации прошла успешно
]]></system-out>
  </testcase>
</testsuite>