<?xml version="1.0" encoding="UTF-8"?>
<testsuite xmlns:xsi="http://www.w3.org/2001/XMLSchema-instance" xsi:noNamespaceSchemaLocation="https://maven.apache.org/surefire/maven-surefire-plugin/xsd/surefire-test-report-3.0.xsd" version="3.0" name="apiTests.UserOrdersTest" time="6.938" tests="2" errors="0" skipped="0" failures="0">
  <properties>
[...]
</properties>
  <testcase name="getUserOrdersWithAuthorization" classname="apiTests.UserOrdersTest" time="6.324">
    <system-out><![CDATA[Пользователь успешно создан: user830f87@yandex.ru
Логин с данными - email: user830f87@yandex.ru, password: passf1b119, name: Userc28850
Пользователь успешно вошел в систему
Проверка успешного создания заказа...
HTTP/1.1 200 OK
Date: Tue, 19 Nov 2024 10:06:52 GMT
Content-Type: application/json; charset=utf-8
Transfer-Encoding: chunked
Connection: keep-alive
X-Powered-By: Express
Access-Control-Allow-Origin: *
ETag: W/"4eb-8dNn3NVX6knMs4n9WRWc2u0+UMk"
CF-Cache-Status: DYNAMIC
Report-To: {"endpoints":[{"url":"https:\/\/a.nel.cloudflare.com\/report\/v4?s=9J5LUdzHr1uiD9USV3Jtf13eFP4G5kcscl%2BhlYOFFzX8bBlFQvQHROO0PmHU%2B0l5qSDt%2FPm5qFK7X84y%2BUfAfIpfldjSbu08cN%2BUPKThqAD5FuMbNonjk4qotLrjtZ8lQ%2BC%2BZg7VQMzbvv9r25ynMlXBYaA%3D"}],"group":"cf-nel","max_age":604800}
NEL: {"success_fraction":0,"report_to":"cf-nel","max_age":604800}
Server: cloudflare
CF-RAY: 8e4f63d12be88218-IAD
Content-Encoding: gzip
alt-svc: h3=":443"; ma=86400
server-timing: cfL4;desc="?proto=TCP&rtt=149404&sent=8&recv=7&lost=0&retrans=0&sent_bytes=3303&recv_bytes=1131&delivery_rate=28460&cwnd=233&unsent_bytes=0&cid=26fb86e55ea98561&ts=2420&x=0"

{
    "success": true,
    "name": "Фалленианский флюоресцентный бургер",
    "order": {
        "ingredients": [
            {
                "_id": "61c0c5a71d1f82001bdaaa6d",
                "name": "Флюоресцентная булка R2-D3",
                "type": "bun",
                "proteins": 44,
                "fat": 26,
                "carbohydrates": 85,
                "calories": 643,
                "price": 988,
                "image": "https://code.s3.yandex.net/react/code/bun-01.png",
                "image_mobile": "https://code.s3.yandex.net/react/code/bun-01-mobile.png",
                "image_large": "https://code.s3.yandex.net/react/code/bun-01-large.png",
                "__v": 0
            },
            {
                "_id": "61c0c5a71d1f82001bdaaa77",
                "name": "Плоды Фалленианского дерева",
                "type": "main",
                "proteins": 20,
                "fat": 5,
                "carbohydrates": 55,
                "calories": 77,
                "price": 874,
                "image": "https://code.s3.yandex.net/react/code/sp_1.png",
                "image_mobile": "https://code.s3.yandex.net/react/code/sp_1-mobile.png",
                "image_large": "https://code.s3.yandex.net/react/code/sp_1-large.png",
                "__v": 0
            }
        ],
        "_id": "673c633b9ed280001b5131c5",
        "owner": {
            "name": "Userc28850",
            "email": "user830f87@yandex.ru",
            "createdAt": "2024-11-19T10:06:49.494Z",
            "updatedAt": "2024-11-19T10:06:49.494Z"
        },
        "status": "done",
        "name": "Фалленианский флюоресцентный бургер",
        "createdAt": "2024-11-19T10:06:51.251Z",
        "updatedAt": "2024-11-19T10:06:52.256Z",
        "number": 151897,
        "price": 1862
    }
}
Проверка ответа успешного создания заказа...
Создание заказа проверено успешно
Выполняется метод для получения списка заказов авторизованного пользователя...
Request method:	GET
Request URI:	https://stellarburgers.nomoreparties.site/api/orders
Proxy:			<none>
Request params:	<none>
Query params:	<none>
Form params:	<none>
Path params:	<none>
Headers:		Authorization=Bearer eyJhbGciOiJIUzI1NiIsInR5cCI6IkpXVCJ9.eyJpZCI6IjY3M2M2MzM5OWVkMjgwMDAxYjUxMzFjMiIsImlhdCI6MTczMjAxMDgxMCwiZXhwIjoxNzMyMDEyMDEwfQ.m_c93vvBuRXhKzu1AOl47s66uNB9sZ-dm6X_Ykf3yYI
				Accept=*/*
Cookies:		<none>
Multiparts:		<none>
Body:			<none>
HTTP/1.1 200 OK
Date: Tue, 19 Nov 2024 10:06:53 GMT
Content-Type: application/json; charset=utf-8
Transfer-Encoding: chunked
Connection: keep-alive
X-Powered-By: Express
Access-Control-Allow-Origin: *
ETag: W/"15f-ZSlfwOYVYmuv6HOgTLfxPF1U/IM"
CF-Cache-Status: DYNAMIC
Report-To: {"endpoints":[{"url":"https:\/\/a.nel.cloudflare.com\/report\/v4?s=a%2B99hpDNbO6r1xiLeW%2B8uvu5UVZSujFYw8%2BVr1LPoQpQOnmSQnsusbphqeVUCWId7F6uB3oUCAtD1h0EyhwXkKBfTLPJKOULQMyUawnvnc6PuWoI3XwHuWpyTCj5fXvVykwXRksQIj5nFdS22zYkiRsgwDg%3D"}],"group":"cf-nel","max_age":604800}
NEL: {"success_fraction":0,"report_to":"cf-nel","max_age":604800}
Server: cloudflare
CF-RAY: 8e4f63e0ab08d479-CDG
Content-Encoding: gzip
alt-svc: h3=":443"; ma=86400
server-timing: cfL4;desc="?proto=TCP&rtt=89643&sent=8&recv=7&lost=0&retrans=0&sent_bytes=3303&recv_bytes=1001&delivery_rate=43233&cwnd=253&unsent_bytes=0&cid=f6c69f2fe54ad8f9&ts=606&x=0"

{
    "success": true,
    "orders": [
        {
            "_id": "673c633b9ed280001b5131c5",
            "ingredients": [
                "61c0c5a71d1f82001bdaaa6d",
                "61c0c5a71d1f82001bdaaa77"
            ],
            "status": "done",
            "name": "Фалленианский флюоресцентный бургер",
            "createdAt": "2024-11-19T10:06:51.251Z",
            "updatedAt": "2024-11-19T10:06:52.256Z",
            "number": 151897
        }
    ],
    "total": 151897,
    "totalToday": 86
}
Метод получения списка заказов пользователя отработал
Проверка успешного получения списка заказов....
Список заказов проверен успешно
Delete Response Code: 202
{
    "success": true,
    "message": "User successfully removed"
}
Delete Response Body:
{
    "success": true,
    "message": "User successfully removed"
}
Пользователь успешно удален
]]></system-out>
  </testcase>
  <testcase name="createOrderAndGetUserOrdersWithoutAuthorization" classname="apiTests.UserOrdersTest" time="0.613">
    <system-out><![CDATA[Выполняется метод проверки ошибки для получения списка заказов без авторизации...
Request method:	GET
Request URI:	https://stellarburgers.nomoreparties.site/api/orders
Proxy:			<none>
Request params:	<none>
Query params:	<none>
Form params:	<none>
Path params:	<none>
Headers:		Accept=*/*
Cookies:		<none>
Multiparts:		<none>
Body:			<none>
HTTP/1.1 401 Unauthorized
Date: Tue, 19 Nov 2024 10:06:55 GMT
Content-Type: application/json; charset=utf-8
Content-Length: 54
Connection: keep-alive
X-Powered-By: Express
Access-Control-Allow-Origin: *
ETag: W/"36-9ndkQYJpZ8s0sMN790Nuh0MLq/U"
CF-Cache-Status: DYNAMIC
Report-To: {"endpoints":[{"url":"https:\/\/a.nel.cloudflare.com\/report\/v4?s=4jPWZ5ES4VSEMW%2FuPa2zi%2BiSk1K6lKYktiLJmVCsWZkbxrfww2kt5A7ctfAQ9OHbCRPgjH0Ex60YhDn8er4Upk%2FcJPANbKgsemU5D1nWXuKfV0EyEngm4MqdtU1xxHDe%2BMMDjjhLYIBESAJdjfEYeoVY6GA%3D"}],"group":"cf-nel","max_age":604800}
NEL: {"success_fraction":0,"report_to":"cf-nel","max_age":604800}
Server: cloudflare
CF-RAY: 8e4f63edbd57b128-MAN
alt-svc: h3=":443"; ma=86400
server-timing: cfL4;desc="?proto=TCP&rtt=73551&sent=8&recv=7&lost=0&retrans=0&sent_bytes=3302&recv_bytes=806&delivery_rate=50065&cwnd=253&unsent_bytes=0&cid=66226f26e5cb3c51&ts=411&x=0"

{
    "success": false,
    "message": "You should be authorised"
}
Метод проверки ошибки для получения списка заказов без авторизации отработал
Проверка ответа об ошибке получения списка заказов без авторизации....
Проверка ответа об ошибке получения списка заказов без авторизации прошла успешно
]]></system-out>
  </testcase>
</testsuite>